<?xml version="1.0" encoding="UTF-8"?>
<testsuite xmlns:xsi="http://www.w3.org/2001/XMLSchema-instance" xsi:noNamespaceSchemaLocation="https://maven.apache.org/surefire/maven-surefire-plugin/xsd/surefire-test-report-3.0.xsd" version="3.0" name="fachadas.FachadaJuegoTest" time="0.075" tests="1" errors="0" skipped="0" failures="0">
  <properties>
[...]
</properties>
  <testcase name="testActivacionRuletaPorCartaNumerica" classname="fachadas.FachadaJuegoTest" time="0.034">
    <system-out><![CDATA[
=== Configurando Entorno de Prueba ===
[Mazo] --- Iniciando generación de baraja ---
[Mazo] Generando cartas numéricas (Rango: 0 a 9)...
[Mazo] Generando cartas de acción por color...
[Mazo] [+] Añadida: MAS DOS (AZUL)
[Mazo] [+] Añadida: REVERSA (AZUL)
[Mazo] [+] Añadida: PROHIBIDO (AZUL)
[Mazo] [+] Añadida: MAS DOS (ROJO)
[Mazo] [+] Añadida: REVERSA (ROJO)
[Mazo] [+] Añadida: PROHIBIDO (ROJO)
[Mazo] [+] Añadida: MAS DOS (AMARILLO)
[Mazo] [+] Añadida: REVERSA (AMARILLO)
[Mazo] [+] Añadida: PROHIBIDO (AMARILLO)
[Mazo] [+] Añadida: MAS DOS (VERDE)
[Mazo] [+] Añadida: REVERSA (VERDE)
[Mazo] [+] Añadida: PROHIBIDO (VERDE)
[Mazo] Generando cartas comodín (Negras)...
[Mazo] [+] Añadidas: 4 cartas MAS CUATRO
[Mazo] [+] Añadidas: 4 cartas CAMBIO COLOR
[Mazo] Total de cartas en baraja: 100
[Mazo] Baraja mezclada correctamente.
[Mazo] Buscando carta inicial válida (Numérica)...
[Mazo] Carta inicial seleccionada: TRES AMARILLO
[Tablero] Inicializando juego...
[Tablero] Jugadores registrados: 4
[Tablero] Turno inicial: Jugador 1
[Mazo] Carta entregada: CUATRO [ROJO]
[Mazo] Cartas restantes: 98
[Jugador: Jugador 1] Agregando carta: CUATRO de color ROJO
[Mano] [+] Carta añadida: CUATRO [ROJO]
[Mano] Cartas actuales en mano: 1
[Jugador: Jugador 1] Total de cartas ahora: 1
[Mazo] Carta entregada: PROHIBIDO [AMARILLO]
[Mazo] Cartas restantes: 97
[Jugador: Jugador 1] Agregando carta: PROHIBIDO de color AMARILLO
[Mano] [+] Carta añadida: PROHIBIDO [AMARILLO]
[Mano] Cartas actuales en mano: 2
[Jugador: Jugador 1] Total de cartas ahora: 2
[Mazo] Carta entregada: CUATRO [VERDE]
[Mazo] Cartas restantes: 96
[Jugador: Jugador 1] Agregando carta: CUATRO de color VERDE
[Mano] [+] Carta añadida: CUATRO [VERDE]
[Mano] Cartas actuales en mano: 3
[Jugador: Jugador 1] Total de cartas ahora: 3
[Mazo] Carta entregada: NUEVE [VERDE]
[Mazo] Cartas restantes: 95
[Jugador: Jugador 1] Agregando carta: NUEVE de color VERDE
[Mano] [+] Carta añadida: NUEVE [VERDE]
[Mano] Cartas actuales en mano: 4
[Jugador: Jugador 1] Total de cartas ahora: 4
[Mazo] Carta entregada: CINCO [VERDE]
[Mazo] Cartas restantes: 94
[Jugador: Jugador 1] Agregando carta: CINCO de color VERDE
[Mano] [+] Carta añadida: CINCO [VERDE]
[Mano] Cartas actuales en mano: 5
[Jugador: Jugador 1] Total de cartas ahora: 5
[Mazo] Carta entregada: DOS [VERDE]
[Mazo] Cartas restantes: 93
[Jugador: Jugador 1] Agregando carta: DOS de color VERDE
[Mano] [+] Carta añadida: DOS [VERDE]
[Mano] Cartas actuales en mano: 6
[Jugador: Jugador 1] Total de cartas ahora: 6
[Mazo] Carta entregada: UNO [ROJO]
[Mazo] Cartas restantes: 92
[Jugador: Jugador 1] Agregando carta: UNO de color ROJO
[Mano] [+] Carta añadida: UNO [ROJO]
[Mano] Cartas actuales en mano: 7
[Jugador: Jugador 1] Total de cartas ahora: 7
[Mazo] Carta entregada: CERO [ROJO]
[Mazo] Cartas restantes: 91
[Jugador: Jugador 2] Agregando carta: CERO de color ROJO
[Mano] [+] Carta añadida: CERO [ROJO]
[Mano] Cartas actuales en mano: 1
[Jugador: Jugador 2] Total de cartas ahora: 1
[Mazo] Carta entregada: MASDOS [AMARILLO]
[Mazo] Cartas restantes: 90
[Jugador: Jugador 2] Agregando carta: MASDOS de color AMARILLO
[Mano] [+] Carta añadida: MASDOS [AMARILLO]
[Mano] Cartas actuales en mano: 2
[Jugador: Jugador 2] Total de cartas ahora: 2
[Mazo] Carta entregada: SEIS [ROJO]
[Mazo] Cartas restantes: 89
[Jugador: Jugador 2] Agregando carta: SEIS de color ROJO
[Mano] [+] Carta añadida: SEIS [ROJO]
[Mano] Cartas actuales en mano: 3
[Jugador: Jugador 2] Total de cartas ahora: 3
[Mazo] Carta entregada: MASDOS [AZUL]
[Mazo] Cartas restantes: 88
[Jugador: Jugador 2] Agregando carta: MASDOS de color AZUL
[Mano] [+] Carta añadida: MASDOS [AZUL]
[Mano] Cartas actuales en mano: 4
[Jugador: Jugador 2] Total de cartas ahora: 4
[Mazo] Carta entregada: PROHIBIDO [VERDE]
[Mazo] Cartas restantes: 87
[Jugador: Jugador 2] Agregando carta: PROHIBIDO de color VERDE
[Mano] [+] Carta añadida: PROHIBIDO [VERDE]
[Mano] Cartas actuales en mano: 5
[Jugador: Jugador 2] Total de cartas ahora: 5
[Mazo] Carta entregada: CINCO [AMARILLO]
[Mazo] Cartas restantes: 86
[Jugador: Jugador 2] Agregando carta: CINCO de color AMARILLO
[Mano] [+] Carta añadida: CINCO [AMARILLO]
[Mano] Cartas actuales en mano: 6
[Jugador: Jugador 2] Total de cartas ahora: 6
[Mazo] Carta entregada: NUEVE [ROJO]
[Mazo] Cartas restantes: 85
[Jugador: Jugador 2] Agregando carta: NUEVE de color ROJO
[Mano] [+] Carta añadida: NUEVE [ROJO]
[Mano] Cartas actuales en mano: 7
[Jugador: Jugador 2] Total de cartas ahora: 7
[Mazo] Carta entregada: TRES [AZUL]
[Mazo] Cartas restantes: 84
[Jugador: Jugador 3] Agregando carta: TRES de color AZUL
[Mano] [+] Carta añadida: TRES [AZUL]
[Mano] Cartas actuales en mano: 1
[Jugador: Jugador 3] Total de cartas ahora: 1
[Mazo] Carta entregada: PROHIBIDO [AZUL]
[Mazo] Cartas restantes: 83
[Jugador: Jugador 3] Agregando carta: PROHIBIDO de color AZUL
[Mano] [+] Carta añadida: PROHIBIDO [AZUL]
[Mano] Cartas actuales en mano: 2
[Jugador: Jugador 3] Total de cartas ahora: 2
[Mazo] Carta entregada: MASCUATRO [NEGRO]
[Mazo] Cartas restantes: 82
[Jugador: Jugador 3] Agregando carta: MASCUATRO de color NEGRO
[Mano] [+] Carta añadida: MASCUATRO [NEGRO]
[Mano] Cartas actuales en mano: 3
[Jugador: Jugador 3] Total de cartas ahora: 3
[Mazo] Carta entregada: SEIS [AZUL]
[Mazo] Cartas restantes: 81
[Jugador: Jugador 3] Agregando carta: SEIS de color AZUL
[Mano] [+] Carta añadida: SEIS [AZUL]
[Mano] Cartas actuales en mano: 4
[Jugador: Jugador 3] Total de cartas ahora: 4
[Mazo] Carta entregada: DOS [ROJO]
[Mazo] Cartas restantes: 80
[Jugador: Jugador 3] Agregando carta: DOS de color ROJO
[Mano] [+] Carta añadida: DOS [ROJO]
[Mano] Cartas actuales en mano: 5
[Jugador: Jugador 3] Total de cartas ahora: 5
[Mazo] Carta entregada: SEIS [ROJO]
[Mazo] Cartas restantes: 79
[Jugador: Jugador 3] Agregando carta: SEIS de color ROJO
[Mano] [+] Carta añadida: SEIS [ROJO]
[Mano] Cartas actuales en mano: 6
[Jugador: Jugador 3] Total de cartas ahora: 6
[Mazo] Carta entregada: REVERSA [ROJO]
[Mazo] Cartas restantes: 78
[Jugador: Jugador 3] Agregando carta: REVERSA de color ROJO
[Mano] [+] Carta añadida: REVERSA [ROJO]
[Mano] Cartas actuales en mano: 7
[Jugador: Jugador 3] Total de cartas ahora: 7
[Mazo] Carta entregada: OCHO [AMARILLO]
[Mazo] Cartas restantes: 77
[Jugador: Jugador 4] Agregando carta: OCHO de color AMARILLO
[Mano] [+] Carta añadida: OCHO [AMARILLO]
[Mano] Cartas actuales en mano: 1
[Jugador: Jugador 4] Total de cartas ahora: 1
[Mazo] Carta entregada: SIETE [AZUL]
[Mazo] Cartas restantes: 76
[Jugador: Jugador 4] Agregando carta: SIETE de color AZUL
[Mano] [+] Carta añadida: SIETE [AZUL]
[Mano] Cartas actuales en mano: 2
[Jugador: Jugador 4] Total de cartas ahora: 2
[Mazo] Carta entregada: REVERSA [AMARILLO]
[Mazo] Cartas restantes: 75
[Jugador: Jugador 4] Agregando carta: REVERSA de color AMARILLO
[Mano] [+] Carta añadida: REVERSA [AMARILLO]
[Mano] Cartas actuales en mano: 3
[Jugador: Jugador 4] Total de cartas ahora: 3
[Mazo] Carta entregada: SEIS [AMARILLO]
[Mazo] Cartas restantes: 74
[Jugador: Jugador 4] Agregando carta: SEIS de color AMARILLO
[Mano] [+] Carta añadida: SEIS [AMARILLO]
[Mano] Cartas actuales en mano: 4
[Jugador: Jugador 4] Total de cartas ahora: 4
[Mazo] Carta entregada: CAMBIOCOLOR [NEGRO]
[Mazo] Cartas restantes: 73
[Jugador: Jugador 4] Agregando carta: CAMBIOCOLOR de color NEGRO
[Mano] [+] Carta añadida: CAMBIOCOLOR [NEGRO]
[Mano] Cartas actuales en mano: 5
[Jugador: Jugador 4] Total de cartas ahora: 5
[Mazo] Carta entregada: SIETE [ROJO]
[Mazo] Cartas restantes: 72
[Jugador: Jugador 4] Agregando carta: SIETE de color ROJO
[Mano] [+] Carta añadida: SIETE [ROJO]
[Mano] Cartas actuales en mano: 6
[Jugador: Jugador 4] Total de cartas ahora: 6
[Mazo] Carta entregada: TRES [ROJO]
[Mazo] Cartas restantes: 71
[Jugador: Jugador 4] Agregando carta: TRES de color ROJO
[Mano] [+] Carta añadida: TRES [ROJO]
[Mano] Cartas actuales en mano: 7
[Jugador: Jugador 4] Total de cartas ahora: 7
=== Configuración de Prueba Exitosa ===


--- TEST: Activación de Ruleta (Carta 1-5) ---
[Jugador: Jugador 1] Agregando carta: TRES de color AMARILLO
[Mano] [+] Carta añadida: TRES [AMARILLO]
[Mano] Cartas actuales en mano: 8
[Jugador: Jugador 1] Total de cartas ahora: 8
[Fachada] Procesando jugada...
[Tablero] Solicitud de jugada: TRES AMARILLO
[Descarte] Validación exitosa: Coincidencia de COLOR.
[Descarte] Validación exitosa: Coincidencia de VALOR.
[Descarte] Recibiendo carta: TRES de color AMARILLO
[Descarte] Nueva carta en cima: TRES de color AMARILLO
[Tablero] Carta aceptada en descarte: TRES
[Jugador: Jugador 1] Tirando carta: TRES de color AMARILLO
[Mano] [-] Intentando descartar: TRES [AMARILLO]
[Mano] Descarte exitoso.
[Mano] Cartas restantes: 7
[Jugador: Jugador 1] Cartas restantes: 7
[Tablero] ¡Efecto SPIN! Pasando turno antes de girar...
[Tablero] Cambio de Turno: [Jugador 1] -> [Jugador 2]
[Ruleta] ¡Girando...! Resultado: PUNTUACION_BAJA
[Tablero] Resultado Ruleta: PUNTUACION_BAJA_WAIT (Detalle: 1)
]]></system-out>
  </testcase>
</testsuite>