<?xml version="1.0" encoding="UTF-8"?>
<testsuite xmlns:xsi="http://www.w3.org/2001/XMLSchema-instance" xsi:noNamespaceSchemaLocation="https://maven.apache.org/surefire/maven-surefire-plugin/xsd/surefire-test-report-3.0.xsd" version="3.0" name="fachadas.FachadaJuegoTest" time="0.681" tests="6" errors="0" skipped="0" failures="0">
  <properties>
[...]
</properties>
  <testcase name="testEfectosDeCastigo" classname="fachadas.FachadaJuegoTest" time="0.052">
    <system-out><![CDATA[[Mazo] --- Iniciando generación de baraja ---
[Mazo] Generando cartas numéricas (Rango: 0 a 9)...
[Mazo] Generando cartas de acción por color...
[Mazo] [+] Añadida: MAS DOS (AZUL)
[Mazo] [+] Añadida: REVERSA (AZUL)
[Mazo] [+] Añadida: PROHIBIDO (AZUL)
[Mazo] [+] Añadida: MAS DOS (ROJO)
[Mazo] [+] Añadida: REVERSA (ROJO)
[Mazo] [+] Añadida: PROHIBIDO (ROJO)
[Mazo] [+] Añadida: MAS DOS (AMARILLO)
[Mazo] [+] Añadida: REVERSA (AMARILLO)
[Mazo] [+] Añadida: PROHIBIDO (AMARILLO)
[Mazo] [+] Añadida: MAS DOS (VERDE)
[Mazo] [+] Añadida: REVERSA (VERDE)
[Mazo] [+] Añadida: PROHIBIDO (VERDE)
[Mazo] Generando cartas comodín (Negras)...
[Mazo] [+] Añadidas: 4 cartas MAS CUATRO
[Mazo] [+] Añadidas: 4 cartas CAMBIO COLOR
[Mazo] Total de cartas en baraja: 100
[Mazo] Baraja mezclada correctamente.
--- Probando: Efectos de Castigo (MÁS DOS) ---
[Jugador: David] Agregando carta: MASDOS de color ROJO
[Mano] [+] Carta añadida: MASDOS [ROJO]
[Mano] Cartas actuales en mano: 1
[Jugador: David] Total de cartas ahora: 1
[Fachada] Procesando jugada...
[Tablero] Solicitud de jugada: MASDOS
[Descarte] Validación exitosa: Coincidencia de COLOR.
[Descarte] Recibiendo carta: MASDOS de color ROJO
[Descarte] Nueva carta en cima: MASDOS de color ROJO
[Jugador: David] Tirando carta: MASDOS de color ROJO
[Mano] [-] Intentando descartar: MASDOS [ROJO]
[Mano] Descarte exitoso.
[Mano] Cartas restantes: 0
[Jugador: David] Cartas restantes: 0
[Mazo] Carta entregada: NUEVE [VERDE]
[Mazo] Cartas restantes: 99
[Jugador: IA] Agregando carta: NUEVE de color VERDE
[Mano] [+] Carta añadida: NUEVE [VERDE]
[Mano] Cartas actuales en mano: 1
[Jugador: IA] Total de cartas ahora: 1
[Mazo] Carta entregada: DOS [VERDE]
[Mazo] Cartas restantes: 98
[Jugador: IA] Agregando carta: DOS de color VERDE
[Mano] [+] Carta añadida: DOS [VERDE]
[Mano] Cartas actuales en mano: 2
[Jugador: IA] Total de cartas ahora: 2
]]></system-out>
  </testcase>
  <testcase name="testCasosDeJugadas" classname="fachadas.FachadaJuegoTest" time="0.004">
    <system-out><![CDATA[[Mazo] --- Iniciando generación de baraja ---
[Mazo] Generando cartas numéricas (Rango: 0 a 9)...
[Mazo] Generando cartas de acción por color...
[Mazo] [+] Añadida: MAS DOS (AZUL)
[Mazo] [+] Añadida: REVERSA (AZUL)
[Mazo] [+] Añadida: PROHIBIDO (AZUL)
[Mazo] [+] Añadida: MAS DOS (ROJO)
[Mazo] [+] Añadida: REVERSA (ROJO)
[Mazo] [+] Añadida: PROHIBIDO (ROJO)
[Mazo] [+] Añadida: MAS DOS (AMARILLO)
[Mazo] [+] Añadida: REVERSA (AMARILLO)
[Mazo] [+] Añadida: PROHIBIDO (AMARILLO)
[Mazo] [+] Añadida: MAS DOS (VERDE)
[Mazo] [+] Añadida: REVERSA (VERDE)
[Mazo] [+] Añadida: PROHIBIDO (VERDE)
[Mazo] Generando cartas comodín (Negras)...
[Mazo] [+] Añadidas: 4 cartas MAS CUATRO
[Mazo] [+] Añadidas: 4 cartas CAMBIO COLOR
[Mazo] Total de cartas en baraja: 100
[Mazo] Baraja mezclada correctamente.
--- Probando: Validación de Colores y Números ---
[Jugador: David] Agregando carta: CINCO de color ROJO
[Mano] [+] Carta añadida: CINCO [ROJO]
[Mano] Cartas actuales en mano: 1
[Jugador: David] Total de cartas ahora: 1
[Fachada] Procesando jugada...
[Tablero] Solicitud de jugada: CINCO
[Descarte] Validación exitosa: Coincidencia de COLOR.
[Descarte] Recibiendo carta: CINCO de color ROJO
[Descarte] Nueva carta en cima: CINCO de color ROJO
[Jugador: David] Tirando carta: CINCO de color ROJO
[Mano] [-] Intentando descartar: CINCO [ROJO]
[Mano] Descarte exitoso.
[Mano] Cartas restantes: 0
[Jugador: David] Cartas restantes: 0
[Ruleta] ¡Girando...! Resultado: CASI_UNO
[Jugador: Oportunidad] Agregando carta: CINCO de color VERDE
[Mano] [+] Carta añadida: CINCO [VERDE]
[Mano] Cartas actuales en mano: 1
[Jugador: Oportunidad] Total de cartas ahora: 1
[Fachada] Procesando jugada...
[Tablero] Solicitud de jugada: CINCO
[Descarte] Validación exitosa: Coincidencia de VALOR.
[Descarte] Recibiendo carta: CINCO de color VERDE
[Descarte] Nueva carta en cima: CINCO de color VERDE
[Jugador: Oportunidad] Tirando carta: CINCO de color VERDE
[Mano] [-] Intentando descartar: CINCO [VERDE]
[Mano] Descarte exitoso.
[Mano] Cartas restantes: 0
[Jugador: Oportunidad] Cartas restantes: 0
[Ruleta] ¡Girando...! Resultado: GUERRA
[Jugador: David] Agregando carta: DOS de color AZUL
[Mano] [+] Carta añadida: DOS [AZUL]
[Mano] Cartas actuales en mano: 1
[Jugador: David] Total de cartas ahora: 1
[Fachada] Procesando jugada...
[Tablero] Solicitud de jugada: DOS
[Descarte] Jugada inválida: DOS AZUL
]]></system-out>
  </testcase>
  <testcase name="testComodinesYAsignacionDeColor" classname="fachadas.FachadaJuegoTest" time="0.004">
    <system-out><![CDATA[[Mazo] --- Iniciando generación de baraja ---
[Mazo] Generando cartas numéricas (Rango: 0 a 9)...
[Mazo] Generando cartas de acción por color...
[Mazo] [+] Añadida: MAS DOS (AZUL)
[Mazo] [+] Añadida: REVERSA (AZUL)
[Mazo] [+] Añadida: PROHIBIDO (AZUL)
[Mazo] [+] Añadida: MAS DOS (ROJO)
[Mazo] [+] Añadida: REVERSA (ROJO)
[Mazo] [+] Añadida: PROHIBIDO (ROJO)
[Mazo] [+] Añadida: MAS DOS (AMARILLO)
[Mazo] [+] Añadida: REVERSA (AMARILLO)
[Mazo] [+] Añadida: PROHIBIDO (AMARILLO)
[Mazo] [+] Añadida: MAS DOS (VERDE)
[Mazo] [+] Añadida: REVERSA (VERDE)
[Mazo] [+] Añadida: PROHIBIDO (VERDE)
[Mazo] Generando cartas comodín (Negras)...
[Mazo] [+] Añadidas: 4 cartas MAS CUATRO
[Mazo] [+] Añadidas: 4 cartas CAMBIO COLOR
[Mazo] Total de cartas en baraja: 100
[Mazo] Baraja mezclada correctamente.
--- Probando: Comodines y Cambio de Color ---
[Jugador: David] Agregando carta: CAMBIOCOLOR de color NEGRO
[Mano] [+] Carta añadida: CAMBIOCOLOR [NEGRO]
[Mano] Cartas actuales en mano: 1
[Jugador: David] Total de cartas ahora: 1
[Fachada] Procesando jugada...
[Tablero] Solicitud de jugada: CAMBIOCOLOR
[Tablero] Aplicando color elegido al comodín: AZUL
[Descarte] Validación: Comodín detectado (Permitido).
[Descarte] Recibiendo carta: CAMBIOCOLOR de color AZUL
[Descarte] Nueva carta en cima: CAMBIOCOLOR de color AZUL
[Jugador: David] Tirando carta: CAMBIOCOLOR de color AZUL
[Mano] [-] Intentando descartar: CAMBIOCOLOR [AZUL]
[Mano] Descarte exitoso.
[Mano] Cartas restantes: 0
[Jugador: David] Cartas restantes: 0
]]></system-out>
  </testcase>
  <testcase name="testActivacionRuletaSpin" classname="fachadas.FachadaJuegoTest" time="0.002">
    <system-out><![CDATA[[Mazo] --- Iniciando generación de baraja ---
[Mazo] Generando cartas numéricas (Rango: 0 a 9)...
[Mazo] Generando cartas de acción por color...
[Mazo] [+] Añadida: MAS DOS (AZUL)
[Mazo] [+] Añadida: REVERSA (AZUL)
[Mazo] [+] Añadida: PROHIBIDO (AZUL)
[Mazo] [+] Añadida: MAS DOS (ROJO)
[Mazo] [+] Añadida: REVERSA (ROJO)
[Mazo] [+] Añadida: PROHIBIDO (ROJO)
[Mazo] [+] Añadida: MAS DOS (AMARILLO)
[Mazo] [+] Añadida: REVERSA (AMARILLO)
[Mazo] [+] Añadida: PROHIBIDO (AMARILLO)
[Mazo] [+] Añadida: MAS DOS (VERDE)
[Mazo] [+] Añadida: REVERSA (VERDE)
[Mazo] [+] Añadida: PROHIBIDO (VERDE)
[Mazo] Generando cartas comodín (Negras)...
[Mazo] [+] Añadidas: 4 cartas MAS CUATRO
[Mazo] [+] Añadidas: 4 cartas CAMBIO COLOR
[Mazo] Total de cartas en baraja: 100
[Mazo] Baraja mezclada correctamente.
--- Probando: Activación de Ruleta (Carta 1-5) ---
[Jugador: David] Agregando carta: DOS de color ROJO
[Mano] [+] Carta añadida: DOS [ROJO]
[Mano] Cartas actuales en mano: 1
[Jugador: David] Total de cartas ahora: 1
[Fachada] Procesando jugada...
[Tablero] Solicitud de jugada: DOS
[Descarte] Validación exitosa: Coincidencia de COLOR.
[Descarte] Recibiendo carta: DOS de color ROJO
[Descarte] Nueva carta en cima: DOS de color ROJO
[Jugador: David] Tirando carta: DOS de color ROJO
[Mano] [-] Intentando descartar: DOS [ROJO]
[Mano] Descarte exitoso.
[Mano] Cartas restantes: 0
[Jugador: David] Cartas restantes: 0
[Ruleta] ¡Girando...! Resultado: GUERRA
]]></system-out>
  </testcase>
  <testcase name="testRobarYPasar" classname="fachadas.FachadaJuegoTest" time="0.495">
    <system-out><![CDATA[[Mazo] --- Iniciando generación de baraja ---
[Mazo] Generando cartas numéricas (Rango: 0 a 9)...
[Mazo] Generando cartas de acción por color...
[Mazo] [+] Añadida: MAS DOS (AZUL)
[Mazo] [+] Añadida: REVERSA (AZUL)
[Mazo] [+] Añadida: PROHIBIDO (AZUL)
[Mazo] [+] Añadida: MAS DOS (ROJO)
[Mazo] [+] Añadida: REVERSA (ROJO)
[Mazo] [+] Añadida: PROHIBIDO (ROJO)
[Mazo] [+] Añadida: MAS DOS (AMARILLO)
[Mazo] [+] Añadida: REVERSA (AMARILLO)
[Mazo] [+] Añadida: PROHIBIDO (AMARILLO)
[Mazo] [+] Añadida: MAS DOS (VERDE)
[Mazo] [+] Añadida: REVERSA (VERDE)
[Mazo] [+] Añadida: PROHIBIDO (VERDE)
[Mazo] Generando cartas comodín (Negras)...
[Mazo] [+] Añadidas: 4 cartas MAS CUATRO
[Mazo] [+] Añadidas: 4 cartas CAMBIO COLOR
[Mazo] Total de cartas en baraja: 100
[Mazo] Baraja mezclada correctamente.
--- Probando: Robar y Pasar ---
[Fachada] Procesando robo...
[Mazo] Carta entregada: CERO [VERDE]
[Mazo] Cartas restantes: 99
[Jugador: David] Agregando carta: CERO de color VERDE
[Mano] [+] Carta añadida: CERO [VERDE]
[Mano] Cartas actuales en mano: 1
[Jugador: David] Total de cartas ahora: 1
]]></system-out>
  </testcase>
  <testcase name="testGritoUnoPenalizacion" classname="fachadas.FachadaJuegoTest" time="0.001">
    <system-out><![CDATA[[Mazo] --- Iniciando generación de baraja ---
[Mazo] Generando cartas numéricas (Rango: 0 a 9)...
[Mazo] Generando cartas de acción por color...
[Mazo] [+] Añadida: MAS DOS (AZUL)
[Mazo] [+] Añadida: REVERSA (AZUL)
[Mazo] [+] Añadida: PROHIBIDO (AZUL)
[Mazo] [+] Añadida: MAS DOS (ROJO)
[Mazo] [+] Añadida: REVERSA (ROJO)
[Mazo] [+] Añadida: PROHIBIDO (ROJO)
[Mazo] [+] Añadida: MAS DOS (AMARILLO)
[Mazo] [+] Añadida: REVERSA (AMARILLO)
[Mazo] [+] Añadida: PROHIBIDO (AMARILLO)
[Mazo] [+] Añadida: MAS DOS (VERDE)
[Mazo] [+] Añadida: REVERSA (VERDE)
[Mazo] [+] Añadida: PROHIBIDO (VERDE)
[Mazo] Generando cartas comodín (Negras)...
[Mazo] [+] Añadidas: 4 cartas MAS CUATRO
[Mazo] [+] Añadidas: 4 cartas CAMBIO COLOR
[Mazo] Total de cartas en baraja: 100
[Mazo] Baraja mezclada correctamente.
--- Probando: Grito de UNO (Atrapado) ---
[Jugador: David] Agregando carta: SIETE de color AMARILLO
[Mano] [+] Carta añadida: SIETE [AMARILLO]
[Mano] Cartas actuales en mano: 1
[Jugador: David] Total de cartas ahora: 1
[Fachada] Procesando grito de UNO...
[Mazo] Carta entregada: CAMBIOCOLOR [NEGRO]
[Mazo] Cartas restantes: 99
[Jugador: David] Agregando carta: CAMBIOCOLOR de color NEGRO
[Mano] [+] Carta añadida: CAMBIOCOLOR [NEGRO]
[Mano] Cartas actuales en mano: 2
[Jugador: David] Total de cartas ahora: 2
[Mazo] Carta entregada: NUEVE [AZUL]
[Mazo] Cartas restantes: 98
[Jugador: David] Agregando carta: NUEVE de color AZUL
[Mano] [+] Carta añadida: NUEVE [AZUL]
[Mano] Cartas actuales en mano: 3
[Jugador: David] Total de cartas ahora: 3
]]></system-out>
  </testcase>
</testsuite>